<?xml version="1.0" encoding="UTF-8"?>
<robot generator="Robot 6.0.2 (Python 3.10.4 on win32)" generated="20240121 22:00:51.423" rpa="false" schemaversion="3">
<suite id="s1" name="OpenWebsite01" source="C:\temp\Robot2\test3\Tests\OpenWebsite01.robot">
<test id="s1-t1" name="Test01" line="23">
<kw name="Open Browser" library="SeleniumLibrary">
<arg>https://www.telemis.com/</arg>
<doc>Opens a new browser instance to the optional ``url``.</doc>
<msg timestamp="20240121 22:00:52.025" level="INFO">Opening browser 'firefox' to base url 'https://www.telemis.com/'.</msg>
<msg timestamp="20240121 22:00:52.025" level="INFO">Firefox driver log is always forced to to: C:\temp\Robot2\test3\Results\geckodriver-1.log</msg>
<status status="PASS" starttime="20240121 22:00:52.025" endtime="20240121 22:01:00.161"/>
</kw>
<doc>Open the website</doc>
<tag>TC01 Open URL with Chrome</tag>
<status status="PASS" starttime="20240121 22:00:52.009" endtime="20240121 22:01:00.173"/>
</test>
<test id="s1-t2" name="Test02" line="28">
<kw name="Wait Until Page Contains" library="SeleniumLibrary">
<arg>Extending Human Life</arg>
<doc>Waits until ``text`` appears on the current page.</doc>
<status status="PASS" starttime="20240121 22:01:00.185" endtime="20240121 22:01:00.239"/>
</kw>
<doc>Check the main page</doc>
<tag>TC02 Check that the title exists on the page</tag>
<status status="PASS" starttime="20240121 22:01:00.179" endtime="20240121 22:01:00.245"/>
</test>
<test id="s1-t3" name="Test03" line="33">
<kw name="Maximize Browser Window" library="SeleniumLibrary">
<doc>Maximizes current browser window.</doc>
<status status="PASS" starttime="20240121 22:01:00.257" endtime="20240121 22:01:00.555"/>
</kw>
<kw name="Sleep" library="BuiltIn">
<arg>5s</arg>
<doc>Pauses the test executed for the given time.</doc>
<msg timestamp="20240121 22:01:05.559" level="INFO">Slept 5 seconds</msg>
<status status="PASS" starttime="20240121 22:01:00.555" endtime="20240121 22:01:05.559"/>
</kw>
<doc>Maximize the window of Internet browser</doc>
<tag>TC03 Click the maximise icon button in the title bar</tag>
<status status="PASS" starttime="20240121 22:01:00.245" endtime="20240121 22:01:05.559"/>
</test>
<test id="s1-t4" name="Test04" line="39">
<kw name="Element Should Be Visible" library="SeleniumLibrary">
<arg>id=menu-725-1</arg>
<doc>Verifies that the element identified by ``locator`` is visible.</doc>
<msg timestamp="20240121 22:01:05.589" level="INFO">Element 'id=menu-725-1' is displayed.</msg>
<status status="PASS" starttime="20240121 22:01:05.559" endtime="20240121 22:01:05.589"/>
</kw>
<doc>Menu Home</doc>
<tag>TC04 Check that the menu Home exists on the page</tag>
<status status="PASS" starttime="20240121 22:01:05.559" endtime="20240121 22:01:05.589"/>
</test>
<test id="s1-t5" name="Test05" line="44">
<kw name="Close Browser" library="SeleniumLibrary">
<doc>Closes the current browser.</doc>
<status status="PASS" starttime="20240121 22:01:05.595" endtime="20240121 22:01:08.743"/>
</kw>
<kw name="Sleep" library="BuiltIn">
<arg>5s</arg>
<doc>Pauses the test executed for the given time.</doc>
<msg timestamp="20240121 22:01:13.743" level="INFO">Slept 5 seconds</msg>
<status status="PASS" starttime="20240121 22:01:08.743" endtime="20240121 22:01:13.743"/>
</kw>
<doc>Close Internet browser</doc>
<tag>TC05 Click the close icon button</tag>
<status status="PASS" starttime="20240121 22:01:05.595" endtime="20240121 22:01:13.743"/>
</test>
<status status="PASS" starttime="20240121 22:00:51.423" endtime="20240121 22:01:13.743"/>
</suite>
<statistics>
<total>
<stat pass="5" fail="0" skip="0">All Tests</stat>
</total>
<tag>
<stat pass="1" fail="0" skip="0">TC01 Open URL with Chrome</stat>
<stat pass="1" fail="0" skip="0">TC02 Check that the title exists on the page</stat>
<stat pass="1" fail="0" skip="0">TC03 Click the maximise icon button in the title bar</stat>
<stat pass="1" fail="0" skip="0">TC04 Check that the menu Home exists on the page</stat>
<stat pass="1" fail="0" skip="0">TC05 Click the close icon button</stat>
</tag>
<suite>
<stat pass="5" fail="0" skip="0" id="s1" name="OpenWebsite01">OpenWebsite01</stat>
</suite>
</statistics>
<errors>
</errors>
</robot>
